# JRE version: Java(TM) SE Runtime Environment (18.0.1.1+2) (build 18.0.1.1+2-6)
# Java VM: Java HotSpot(TM) 64-Bit Server VM (18.0.1.1+2-6, mixed mode, sharing, tiered, compressed oops, compressed class ptrs, g1 gc, windows-amd64)
GC Precious Log:
 CardTable entry size: 512
 Card Set container configuration: InlinePtr #cards 5 size 8 Array Of Cards #cards 12 size 40 Howl #buckets 4 coarsen threshold 1843 Howl Bitmap #cards 512 size 80 coarsen threshold 460 Card regions per heap region 1 cards per card region 2048
 CPUs: 8 total, 8 available
 Memory: 16057M
 Large Page Support: Disabled
 NUMA Support: Disabled
 Compressed Oops: Enabled (32-bit)
 Heap Region Size: 1M
 Heap Min Capacity: 8M
 Heap Initial Capacity: 252M
 Heap Max Capacity: 2G
 Pre-touch: Disabled
 Parallel Workers: 8
 Concurrent Workers: 2
 Concurrent Refinement Workers: 8
 Periodic GC: Disabled
Heap:
 garbage-first heap   total 180224K, used 124122K [0x0000000080000000, 0x0000000100000000)
  region size 1024K, 65 young (66560K), 1 survivors (1024K)
 Metaspace       used 70292K, committed 72064K, reserved 1114112K
  class space    used 9627K, committed 10496K, reserved 1048576K
GC Heap History (20 events):
Event: 6.093 GC heap before
{Heap before GC invocations=11 (full 0):
 garbage-first heap   total 95232K, used 75792K [0x0000000080000000, 0x0000000100000000)
  region size 1024K, 41 young (41984K), 5 survivors (5120K)
 Metaspace       used 44442K, committed 45888K, reserved 1114112K
  class space    used 6111K, committed 6848K, reserved 1048576K
}
Event: 6.098 GC heap after
{Heap after GC invocations=12 (full 0):
 garbage-first heap   total 95232K, used 46453K [0x0000000080000000, 0x0000000100000000)
  region size 1024K, 6 young (6144K), 6 survivors (6144K)
 Metaspace       used 44442K, committed 45888K, reserved 1114112K
  class space    used 6111K, committed 6848K, reserved 1048576K
}
Event: 6.509 GC heap before
{Heap before GC invocations=12 (full 0):
 garbage-first heap   total 95232K, used 74101K [0x0000000080000000, 0x0000000100000000)
  region size 1024K, 33 young (33792K), 6 survivors (6144K)
 Metaspace       used 49474K, committed 50944K, reserved 1114112K
  class space    used 6673K, committed 7424K, reserved 1048576K
}
Event: 6.511 GC heap after
{Heap after GC invocations=13 (full 0):
 garbage-first heap   total 95232K, used 47865K [0x0000000080000000, 0x0000000100000000)
  region size 1024K, 2 young (2048K), 2 survivors (2048K)
 Metaspace       used 49474K, committed 50944K, reserved 1114112K
  class space    used 6673K, committed 7424K, reserved 1048576K
}
Event: 6.875 GC heap before
{Heap before GC invocations=13 (full 0):
 garbage-first heap   total 95232K, used 73465K [0x0000000080000000, 0x0000000100000000)
  region size 1024K, 28 young (28672K), 2 survivors (2048K)
 Metaspace       used 53850K, committed 55424K, reserved 1114112K
  class space    used 7232K, committed 8064K, reserved 1048576K
}
Event: 6.879 GC heap after
{Heap after GC invocations=14 (full 0):
 garbage-first heap   total 95232K, used 52797K [0x0000000080000000, 0x0000000100000000)
  region size 1024K, 4 young (4096K), 4 survivors (4096K)
 Metaspace       used 53850K, committed 55424K, reserved 1114112K
  class space    used 7232K, committed 8064K, reserved 1048576K
}
Event: 7.179 GC heap before
{Heap before GC invocations=15 (full 0):
 garbage-first heap   total 95232K, used 73277K [0x0000000080000000, 0x0000000100000000)
  region size 1024K, 25 young (25600K), 4 survivors (4096K)
 Metaspace       used 55949K, committed 57536K, reserved 1114112K
  class space    used 7491K, committed 8320K, reserved 1048576K
}
Event: 7.182 GC heap after
{Heap after GC invocations=16 (full 0):
 garbage-first heap   total 95232K, used 54556K [0x0000000080000000, 0x0000000100000000)
  region size 1024K, 3 young (3072K), 3 survivors (3072K)
 Metaspace       used 55949K, committed 57536K, reserved 1114112K
  class space    used 7491K, committed 8320K, reserved 1048576K
}
Event: 7.301 GC heap before
{Heap before GC invocations=16 (full 0):
 garbage-first heap   total 95232K, used 67868K [0x0000000080000000, 0x0000000100000000)
  region size 1024K, 17 young (17408K), 3 survivors (3072K)
 Metaspace       used 57168K, committed 58816K, reserved 1114112K
  class space    used 7620K, committed 8448K, reserved 1048576K
}
Event: 7.304 GC heap after
{Heap after GC invocations=17 (full 0):
 garbage-first heap   total 95232K, used 56058K [0x0000000080000000, 0x0000000100000000)
  region size 1024K, 2 young (2048K), 2 survivors (2048K)
 Metaspace       used 57168K, committed 58816K, reserved 1114112K
  class space    used 7620K, committed 8448K, reserved 1048576K
}
Event: 7.484 GC heap before
{Heap before GC invocations=18 (full 0):
 garbage-first heap   total 102400K, used 77562K [0x0000000080000000, 0x0000000100000000)
  region size 1024K, 22 young (22528K), 2 survivors (2048K)
 Metaspace       used 57989K, committed 59584K, reserved 1114112K
  class space    used 7751K, committed 8576K, reserved 1048576K
}
Event: 7.486 GC heap after
{Heap after GC invocations=19 (full 0):
 garbage-first heap   total 102400K, used 56945K [0x0000000080000000, 0x0000000100000000)
  region size 1024K, 3 young (3072K), 3 survivors (3072K)
 Metaspace       used 57989K, committed 59584K, reserved 1114112K
  class space    used 7751K, committed 8576K, reserved 1048576K
}
Event: 7.496 GC heap before
{Heap before GC invocations=19 (full 0):
 garbage-first heap   total 102400K, used 58993K [0x0000000080000000, 0x0000000100000000)
  region size 1024K, 5 young (5120K), 3 survivors (3072K)
 Metaspace       used 57993K, committed 59584K, reserved 1114112K
  class space    used 7751K, committed 8576K, reserved 1048576K
}
Event: 7.498 GC heap after
{Heap after GC invocations=20 (full 0):
 garbage-first heap   total 102400K, used 57464K [0x0000000080000000, 0x0000000100000000)
  region size 1024K, 1 young (1024K), 1 survivors (1024K)
 Metaspace       used 57993K, committed 59584K, reserved 1114112K
  class space    used 7751K, committed 8576K, reserved 1048576K
}
Event: 7.658 GC heap before
{Heap before GC invocations=20 (full 0):
 garbage-first heap   total 102400K, used 81016K [0x0000000080000000, 0x0000000100000000)
  region size 1024K, 25 young (25600K), 1 survivors (1024K)
 Metaspace       used 59460K, committed 61120K, reserved 1114112K
  class space    used 7944K, committed 8768K, reserved 1048576K
}
Event: 7.660 GC heap after
{Heap after GC invocations=21 (full 0):
 garbage-first heap   total 102400K, used 59910K [0x0000000080000000, 0x0000000100000000)
  region size 1024K, 3 young (3072K), 3 survivors (3072K)
 Metaspace       used 59460K, committed 61120K, reserved 1114112K
  class space    used 7944K, committed 8768K, reserved 1048576K
}
Event: 7.970 GC heap before
{Heap before GC invocations=22 (full 0):
 garbage-first heap   total 107520K, used 82438K [0x0000000080000000, 0x0000000100000000)
  region size 1024K, 25 young (25600K), 3 survivors (3072K)
 Metaspace       used 62520K, committed 64192K, reserved 1114112K
  class space    used 8516K, committed 9344K, reserved 1048576K
}
Event: 7.973 GC heap after
{Heap after GC invocations=23 (full 0):
 garbage-first heap   total 107520K, used 61238K [0x0000000080000000, 0x0000000100000000)
  region size 1024K, 2 young (2048K), 2 survivors (2048K)
 Metaspace       used 62520K, committed 64192K, reserved 1114112K
  class space    used 8516K, committed 9344K, reserved 1048576K
}
Event: 8.010 GC heap before
{Heap before GC invocations=23 (full 0):
 garbage-first heap   total 107520K, used 64310K [0x0000000080000000, 0x0000000100000000)
  region size 1024K, 5 young (5120K), 2 survivors (2048K)
 Metaspace       used 62959K, committed 64704K, reserved 1114112K
  class space    used 8593K, committed 9472K, reserved 1048576K
}
Event: 8.012 GC heap after
{Heap after GC invocations=24 (full 0):
 garbage-first heap   total 180224K, used 60634K [0x0000000080000000, 0x0000000100000000)
  region size 1024K, 1 young (1024K), 1 survivors (1024K)
 Metaspace       used 62959K, committed 64704K, reserved 1114112K
  class space    used 8593K, committed 9472K, reserved 1048576K
}

