# JRE version: Java(TM) SE Runtime Environment (18.0.1.1+2) (build 18.0.1.1+2-6)
# Java VM: Java HotSpot(TM) 64-Bit Server VM (18.0.1.1+2-6, mixed mode, sharing, tiered, compressed oops, compressed class ptrs, g1 gc, windows-amd64)
GC Precious Log:
 CardTable entry size: 512
 Card Set container configuration: InlinePtr #cards 5 size 8 Array Of Cards #cards 12 size 40 Howl #buckets 4 coarsen threshold 1843 Howl Bitmap #cards 512 size 80 coarsen threshold 460 Card regions per heap region 1 cards per card region 2048
 CPUs: 8 total, 8 available
 Memory: 16057M
 Large Page Support: Disabled
 NUMA Support: Disabled
 Compressed Oops: Enabled (32-bit)
 Heap Region Size: 1M
 Heap Min Capacity: 8M
 Heap Initial Capacity: 252M
 Heap Max Capacity: 2G
 Pre-touch: Disabled
 Parallel Workers: 8
 Concurrent Workers: 2
 Concurrent Refinement Workers: 8
 Periodic GC: Disabled
Heap:
 garbage-first heap   total 367616K, used 252912K [0x0000000080000000, 0x0000000100000000)
  region size 1024K, 155 young (158720K), 11 survivors (11264K)
 Metaspace       used 96671K, committed 98560K, reserved 1179648K
  class space    used 12571K, committed 13568K, reserved 1048576K
GC Heap History (20 events):
Event: 5.436 GC heap before
{Heap before GC invocations=22 (full 0):
 garbage-first heap   total 102400K, used 59303K [0x0000000080000000, 0x0000000100000000)
  region size 1024K, 5 young (5120K), 3 survivors (3072K)
 Metaspace       used 57949K, committed 59520K, reserved 1114112K
  class space    used 7765K, committed 8576K, reserved 1048576K
}
Event: 5.437 GC heap after
{Heap after GC invocations=23 (full 0):
 garbage-first heap   total 102400K, used 56887K [0x0000000080000000, 0x0000000100000000)
  region size 1024K, 1 young (1024K), 1 survivors (1024K)
 Metaspace       used 57949K, committed 59520K, reserved 1114112K
  class space    used 7765K, committed 8576K, reserved 1048576K
}
Event: 5.587 GC heap before
{Heap before GC invocations=23 (full 0):
 garbage-first heap   total 102400K, used 79415K [0x0000000080000000, 0x0000000100000000)
  region size 1024K, 24 young (24576K), 1 survivors (1024K)
 Metaspace       used 59195K, committed 60800K, reserved 1114112K
  class space    used 7917K, committed 8768K, reserved 1048576K
}
Event: 5.590 GC heap after
{Heap after GC invocations=24 (full 0):
 garbage-first heap   total 194560K, used 59029K [0x0000000080000000, 0x0000000100000000)
  region size 1024K, 3 young (3072K), 3 survivors (3072K)
 Metaspace       used 59195K, committed 60800K, reserved 1114112K
  class space    used 7917K, committed 8768K, reserved 1048576K
}
Event: 6.437 GC heap before
{Heap before GC invocations=25 (full 0):
 garbage-first heap   total 194560K, used 136853K [0x0000000080000000, 0x0000000100000000)
  region size 1024K, 79 young (80896K), 3 survivors (3072K)
 Metaspace       used 67965K, committed 69632K, reserved 1114112K
  class space    used 9353K, committed 10240K, reserved 1048576K
}
Event: 6.442 GC heap after
{Heap after GC invocations=26 (full 0):
 garbage-first heap   total 194560K, used 63984K [0x0000000080000000, 0x0000000100000000)
  region size 1024K, 8 young (8192K), 8 survivors (8192K)
 Metaspace       used 67965K, committed 69632K, reserved 1114112K
  class space    used 9353K, committed 10240K, reserved 1048576K
}
Event: 6.452 GC heap before
{Heap before GC invocations=26 (full 0):
 garbage-first heap   total 194560K, used 65008K [0x0000000080000000, 0x0000000100000000)
  region size 1024K, 9 young (9216K), 8 survivors (8192K)
 Metaspace       used 68051K, committed 69696K, reserved 1114112K
  class space    used 9365K, committed 10240K, reserved 1048576K
}
Event: 6.456 GC heap after
{Heap after GC invocations=27 (full 0):
 garbage-first heap   total 194560K, used 64463K [0x0000000080000000, 0x0000000100000000)
  region size 1024K, 2 young (2048K), 2 survivors (2048K)
 Metaspace       used 68051K, committed 69696K, reserved 1114112K
  class space    used 9365K, committed 10240K, reserved 1048576K
}
Event: 7.206 GC heap before
{Heap before GC invocations=27 (full 0):
 garbage-first heap   total 194560K, used 141263K [0x0000000080000000, 0x0000000100000000)
  region size 1024K, 78 young (79872K), 2 survivors (2048K)
 Metaspace       used 75577K, committed 77312K, reserved 1179648K
  class space    used 10415K, committed 11328K, reserved 1048576K
}
Event: 7.213 GC heap after
{Heap after GC invocations=28 (full 0):
 garbage-first heap   total 194560K, used 71955K [0x0000000080000000, 0x0000000100000000)
  region size 1024K, 9 young (9216K), 9 survivors (9216K)
 Metaspace       used 75577K, committed 77312K, reserved 1179648K
  class space    used 10415K, committed 11328K, reserved 1048576K
}
Event: 7.719 GC heap before
{Heap before GC invocations=28 (full 0):
 garbage-first heap   total 194560K, used 146707K [0x0000000080000000, 0x0000000100000000)
  region size 1024K, 81 young (82944K), 9 survivors (9216K)
 Metaspace       used 77148K, committed 78848K, reserved 1179648K
  class space    used 10580K, committed 11456K, reserved 1048576K
}
Event: 7.730 GC heap after
{Heap after GC invocations=29 (full 0):
 garbage-first heap   total 194560K, used 86587K [0x0000000080000000, 0x0000000100000000)
  region size 1024K, 11 young (11264K), 11 survivors (11264K)
 Metaspace       used 77148K, committed 78848K, reserved 1179648K
  class space    used 10580K, committed 11456K, reserved 1048576K
}
Event: 8.330 GC heap before
{Heap before GC invocations=29 (full 0):
 garbage-first heap   total 194560K, used 160315K [0x0000000080000000, 0x0000000100000000)
  region size 1024K, 67 young (68608K), 11 survivors (11264K)
 Metaspace       used 82722K, committed 84480K, reserved 1179648K
  class space    used 11197K, committed 12096K, reserved 1048576K
}
Event: 8.339 GC heap after
{Heap after GC invocations=30 (full 0):
 garbage-first heap   total 194560K, used 91309K [0x0000000080000000, 0x0000000100000000)
  region size 1024K, 6 young (6144K), 6 survivors (6144K)
 Metaspace       used 82722K, committed 84480K, reserved 1179648K
  class space    used 11197K, committed 12096K, reserved 1048576K
}
Event: 8.791 GC heap before
{Heap before GC invocations=30 (full 0):
 garbage-first heap   total 194560K, used 145581K [0x0000000080000000, 0x0000000100000000)
  region size 1024K, 60 young (61440K), 6 survivors (6144K)
 Metaspace       used 84656K, committed 86400K, reserved 1179648K
  class space    used 11415K, committed 12352K, reserved 1048576K
}
Event: 8.798 GC heap after
{Heap after GC invocations=31 (full 0):
 garbage-first heap   total 194560K, used 97224K [0x0000000080000000, 0x0000000100000000)
  region size 1024K, 6 young (6144K), 6 survivors (6144K)
 Metaspace       used 84656K, committed 86400K, reserved 1179648K
  class space    used 11415K, committed 12352K, reserved 1048576K
}
Event: 9.394 GC heap before
{Heap before GC invocations=31 (full 0):
 garbage-first heap   total 194560K, used 149448K [0x0000000080000000, 0x0000000100000000)
  region size 1024K, 58 young (59392K), 6 survivors (6144K)
 Metaspace       used 86615K, committed 88448K, reserved 1179648K
  class space    used 11659K, committed 12608K, reserved 1048576K
}
Event: 9.402 GC heap after
{Heap after GC invocations=32 (full 0):
 garbage-first heap   total 367616K, used 100671K [0x0000000080000000, 0x0000000100000000)
  region size 1024K, 4 young (4096K), 4 survivors (4096K)
 Metaspace       used 86615K, committed 88448K, reserved 1179648K
  class space    used 11659K, committed 12608K, reserved 1048576K
}
Event: 115.319 GC heap before
{Heap before GC invocations=32 (full 0):
 garbage-first heap   total 367616K, used 291135K [0x0000000080000000, 0x0000000100000000)
  region size 1024K, 183 young (187392K), 4 survivors (4096K)
 Metaspace       used 95851K, committed 97728K, reserved 1179648K
  class space    used 12562K, committed 13504K, reserved 1048576K
}
Event: 115.325 GC heap after
{Heap after GC invocations=33 (full 0):
 garbage-first heap   total 367616K, used 107504K [0x0000000080000000, 0x0000000100000000)
  region size 1024K, 11 young (11264K), 11 survivors (11264K)
 Metaspace       used 95851K, committed 97728K, reserved 1179648K
  class space    used 12562K, committed 13504K, reserved 1048576K
}

